<?xml version="1.0" encoding="UTF-8"?>
<testng-results skipped="0" failed="0" ignored="0" total="1" passed="1">
  <reporter-output>
  </reporter-output>
  <suite name="Surefire suite" duration-ms="29" started-at="2020-05-06T10:31:54Z" finished-at="2020-05-06T10:31:54Z">
    <groups>
    </groups>
    <test name="Surefire test" duration-ms="29" started-at="2020-05-06T10:31:54Z" finished-at="2020-05-06T10:31:54Z">
      <class name="qaclickacademy.Mavenjava.AppTest">
        <test-method status="PASS" signature="testApp()[pri:0, instance:testApp(qaclickacademy.Mavenjava.AppTest)]" name="testApp" duration-ms="3" started-at="2020-05-06T10:31:54Z" finished-at="2020-05-06T10:31:54Z">
          <reporter-output>
          </reporter-output>
        </test-method> <!-- testApp -->
      </class> <!-- qaclickacademy.Mavenjava.AppTest -->
    </test> <!-- Surefire test -->
  </suite> <!-- Surefire suite -->
</testng-results>
