<?xml version="1.0" encoding="UTF-8"?>
<!-- Generated by org.testng.reporters.JUnitXMLReporter -->
<testsuite hostname="LAPTOP-7REAJJBJ" ignored="0" name="Surefire test" tests="6" failures="0" timestamp="06 May 2020 10:31:53 GMT" time="0.054" errors="0">
  <testcase name="IOSApps" time="0.011" classname="qaclickacademy.Mavenjava.AppiumTest"/>
  <testcase name="netiveAppAndroid" time="0.001" classname="qaclickacademy.Mavenjava.AppiumTest"/>
  <testcase name="deleteTwitter" time="0.0" classname="qaclickacademy.Mavenjava.RESTAPITest"/>
  <testcase name="postJira" time="0.001" classname="qaclickacademy.Mavenjava.RESTAPITest"/>
  <testcase name="BrowserAutomation" time="0.001" classname="qaclickacademy.Mavenjava.SeleniumTest"/>
  <testcase name="elementsUi" time="0.0" classname="qaclickacademy.Mavenjava.SeleniumTest"/>
</testsuite> <!-- Surefire test -->
