<?xml version="1.0" encoding="UTF-8"?>
<testng-results skipped="0" failed="0" ignored="0" total="1" passed="1">
  <reporter-output>
  </reporter-output>
  <suite name="Default suite" duration-ms="12789" started-at="2020-05-06T12:46:01Z" finished-at="2020-05-06T12:46:14Z">
    <groups>
    </groups>
    <test name="Default test" duration-ms="12789" started-at="2020-05-06T12:46:01Z" finished-at="2020-05-06T12:46:14Z">
      <class name="qaclickacademy.Mavenjava.ExtentReportDemo">
        <test-method status="PASS" signature="config()[pri:0, instance:qaclickacademy.Mavenjava.ExtentReportDemo@31ef45e3]" name="config" is-config="true" duration-ms="238" started-at="2020-05-06T18:16:01Z" finished-at="2020-05-06T18:16:01Z">
          <reporter-output>
          </reporter-output>
        </test-method> <!-- config -->
        <test-method status="PASS" signature="initialDemo()[pri:0, instance:qaclickacademy.Mavenjava.ExtentReportDemo@31ef45e3]" name="initialDemo" duration-ms="12524" started-at="2020-05-06T18:16:01Z" finished-at="2020-05-06T18:16:14Z">
          <reporter-output>
          </reporter-output>
        </test-method> <!-- initialDemo -->
      </class> <!-- qaclickacademy.Mavenjava.ExtentReportDemo -->
    </test> <!-- Default test -->
  </suite> <!-- Default suite -->
</testng-results>
